0 verbose cli [
0 verbose cli   'C:\\Program Files\\nodejs\\node.exe',
0 verbose cli   'C:\\Users\\Zul Amri DN\\AppData\\Roaming\\npm\\node_modules\\npm\\bin\\npm-cli.js',
0 verbose cli   'audit',
0 verbose cli   'fix'
0 verbose cli ]
1 info using npm@7.6.3
2 info using node@v14.15.1
3 timing config:load:defaults Completed in 1ms
4 timing config:load:file:C:\Users\Zul Amri DN\AppData\Roaming\npm\node_modules\npm\npmrc Completed in 1ms
5 timing config:load:builtin Completed in 1ms
6 timing config:load:cli Completed in 1ms
7 timing config:load:env Completed in 1ms
8 timing config:load:file:F:\Kominfo\SIHEBAT\pabriqkitha-kitha-android-ba11f1f49890\.npmrc Completed in 1ms
9 timing config:load:project Completed in 1ms
10 timing config:load:file:C:\Users\Zul Amri DN\.npmrc Completed in 0ms
11 timing config:load:user Completed in 0ms
12 timing config:load:file:C:\Users\Zul Amri DN\AppData\Roaming\npm\etc\npmrc Completed in 0ms
13 timing config:load:global Completed in 0ms
14 timing config:load:cafile Completed in 0ms
15 timing config:load:validate Completed in 1ms
16 timing config:load:setUserAgent Completed in 0ms
17 timing config:load:setEnvs Completed in 1ms
18 timing config:load Completed in 8ms
19 verbose npm-session a95b889f59ce83bd
20 timing npm:load Completed in 17ms
21 timing arborist:ctor Completed in 1ms
22 http fetch POST 200 https://registry.npmjs.org/-/npm/v1/security/advisories/bulk 502ms
23 timing auditReport:getReport Completed in 507ms
24 http fetch GET 200 https://registry.npmjs.org/minimist 14ms (from cache)
25 timing metavuln:packument:minimist Completed in 15ms
26 timing metavuln:cache:get:security-advisory:minimist:8MDgP3O3yM8t8dcQHSMUtmH4UKJrKhWmsmV44L4YChIzoahEo+G6j24b+4BPItZck5h5zQFPFD39kOC/789lfA== Completed in 16ms
27 timing metavuln:load:security-advisory:minimist:1179 Completed in 0ms
28 timing metavuln:calculate:security-advisory:minimist:1179 Completed in 17ms
29 timing metavuln:cache:get:security-advisory:node-fetch:652S+/ar5yBvyi9sMNv+QgcE2qii5wVJ2M9hiyId6KkhVK7a776VAIL/mf6l0wkUESgoSKriuMsokTxRs6dH6g== Completed in 16ms
30 timing metavuln:cache:get:security-advisory:xmldom:h7Le91w3UaDy6yv/f6Ow3iygNizqgFrfUZVVeBS6FLPH0qT3mePlkZs21mBwTBRFbR8uT28/TzsiP5ajsX/CQA== Completed in 15ms
31 http fetch GET 304 https://registry.npmjs.org/node-fetch 57ms (from cache)
32 timing metavuln:packument:node-fetch Completed in 58ms
33 timing metavuln:load:security-advisory:node-fetch:1556 Completed in 1ms
34 timing metavuln:calculate:security-advisory:node-fetch:1556 Completed in 59ms
35 http fetch GET 304 https://registry.npmjs.org/xmldom 91ms (from cache)
36 timing metavuln:packument:xmldom Completed in 91ms
37 timing metavuln:load:security-advisory:xmldom:1650 Completed in 0ms
38 timing metavuln:calculate:security-advisory:xmldom:1650 Completed in 92ms
39 timing metavuln:cache:get:security-advisory:opencollective:qBNTBT3RWpj1s9jUl5C6FVBpjhhl4UqFHc7gLIn7l+6VjBGmRYicRmjbrgct/ZZ+sN49qb1cfKeJbahJUYjaEQ== Completed in 3ms
40 http fetch GET 304 https://registry.npmjs.org/opencollective 48ms (from cache)
41 timing metavuln:packument:opencollective Completed in 49ms
42 timing metavuln:load:security-advisory:opencollective:8MDgP3O3yM8t8dcQHSMUtmH4UKJrKhWmsmV44L4YChIzoahEo+G6j24b+4BPItZck5h5zQFPFD39kOC/789lfA== Completed in 0ms
43 timing metavuln:calculate:security-advisory:opencollective:8MDgP3O3yM8t8dcQHSMUtmH4UKJrKhWmsmV44L4YChIzoahEo+G6j24b+4BPItZck5h5zQFPFD39kOC/789lfA== Completed in 49ms
44 timing metavuln:cache:get:security-advisory:opencollective:2qEvy44mMCcMcCGNLx08yC3j8nGXoONNs4d1mKM1YOf4OivmydrTqpWdiQUYISnBimNBOtGhFaTGwY0d4/SXVQ== Completed in 2ms
45 timing metavuln:load:security-advisory:opencollective:652S+/ar5yBvyi9sMNv+QgcE2qii5wVJ2M9hiyId6KkhVK7a776VAIL/mf6l0wkUESgoSKriuMsokTxRs6dH6g== Completed in 1ms
46 timing metavuln:calculate:security-advisory:opencollective:652S+/ar5yBvyi9sMNv+QgcE2qii5wVJ2M9hiyId6KkhVK7a776VAIL/mf6l0wkUESgoSKriuMsokTxRs6dH6g== Completed in 3ms
47 timing metavuln:cache:get:security-advisory:isomorphic-fetch:vgIQVx9w/4goo2u1AxC0GZz7M55dEW+9iRlKJnfYbomdIAeLIgc/27Ykn01DSUuBcJ3bPj5PRQplYW1b7J60OA== Completed in 4ms
48 http fetch GET 304 https://registry.npmjs.org/isomorphic-fetch 59ms (from cache)
49 timing metavuln:packument:isomorphic-fetch Completed in 60ms
50 timing metavuln:load:security-advisory:isomorphic-fetch:652S+/ar5yBvyi9sMNv+QgcE2qii5wVJ2M9hiyId6KkhVK7a776VAIL/mf6l0wkUESgoSKriuMsokTxRs6dH6g== Completed in 0ms
51 timing metavuln:calculate:security-advisory:isomorphic-fetch:652S+/ar5yBvyi9sMNv+QgcE2qii5wVJ2M9hiyId6KkhVK7a776VAIL/mf6l0wkUESgoSKriuMsokTxRs6dH6g== Completed in 60ms
52 timing metavuln:cache:get:security-advisory:plist:+rNyuSHVgvI5fbxhzRkJ0hcKTpGdJM9NKG0xwmmO6Lp1DfGfqjGE+P+DJZyiUOMJUrxIT3X/OfneAkdFqZeX4A== Completed in 3ms
53 http fetch GET 304 https://registry.npmjs.org/plist 53ms (from cache)
54 timing metavuln:packument:plist Completed in 53ms
55 timing metavuln:load:security-advisory:plist:h7Le91w3UaDy6yv/f6Ow3iygNizqgFrfUZVVeBS6FLPH0qT3mePlkZs21mBwTBRFbR8uT28/TzsiP5ajsX/CQA== Completed in 0ms
56 timing metavuln:calculate:security-advisory:plist:h7Le91w3UaDy6yv/f6Ow3iygNizqgFrfUZVVeBS6FLPH0qT3mePlkZs21mBwTBRFbR8uT28/TzsiP5ajsX/CQA== Completed in 54ms
57 timing metavuln:cache:get:security-advisory:react-native-router-flux:WBW7/B6HQdEjO7SoFLQKEJNSj79dpSZak42Q80ic3kujG+ef0/g546M6I9nwMhyuOPnuRo9KSiSJI49OieVDZQ== Completed in 3ms
58 http fetch GET 304 https://registry.npmjs.org/react-native-router-flux 58ms (from cache)
59 timing metavuln:packument:react-native-router-flux Completed in 60ms
60 timing metavuln:load:security-advisory:react-native-router-flux:qBNTBT3RWpj1s9jUl5C6FVBpjhhl4UqFHc7gLIn7l+6VjBGmRYicRmjbrgct/ZZ+sN49qb1cfKeJbahJUYjaEQ== Completed in 2ms
61 timing metavuln:calculate:security-advisory:react-native-router-flux:qBNTBT3RWpj1s9jUl5C6FVBpjhhl4UqFHc7gLIn7l+6VjBGmRYicRmjbrgct/ZZ+sN49qb1cfKeJbahJUYjaEQ== Completed in 62ms
62 timing metavuln:cache:get:security-advisory:fbjs:Lzp2gLjbHE2k6Afby/iK9+2vqK9yx6bD5uDvmhvhwUrDD9ngmCwyjb/cwjA9pfaLTUGvHoJmJLR8O1LrAkeUcg== Completed in 5ms
63 http fetch GET 304 https://registry.npmjs.org/fbjs 50ms (from cache)
64 timing metavuln:packument:fbjs Completed in 51ms
65 timing metavuln:load:security-advisory:fbjs:vgIQVx9w/4goo2u1AxC0GZz7M55dEW+9iRlKJnfYbomdIAeLIgc/27Ykn01DSUuBcJ3bPj5PRQplYW1b7J60OA== Completed in 1ms
66 timing metavuln:calculate:security-advisory:fbjs:vgIQVx9w/4goo2u1AxC0GZz7M55dEW+9iRlKJnfYbomdIAeLIgc/27Ykn01DSUuBcJ3bPj5PRQplYW1b7J60OA== Completed in 52ms
67 timing metavuln:cache:get:security-advisory:@react-native-community/cli-platform-ios:Pbd0oz6H2gdTjiQBKzRUYx7QREL9dyrewLBY/DUo0DjMRUL6Zhe4xVXhCF4svnMFNQMdh9KOvurJdcNlfaMu/Q== Completed in 5ms
68 timing metavuln:cache:get:security-advisory:simple-plist:QLEHeTQhP4DMCs/cFoBIxIaJOLi0jPIfWballVv+kmjjSOlpCn2dBWpRkejtxMrU10VciCuTWdQQjbbVi5ofFA== Completed in 4ms
69 http fetch GET 304 https://registry.npmjs.org/simple-plist 54ms (from cache)
70 timing metavuln:packument:simple-plist Completed in 54ms
71 timing metavuln:load:security-advisory:simple-plist:+rNyuSHVgvI5fbxhzRkJ0hcKTpGdJM9NKG0xwmmO6Lp1DfGfqjGE+P+DJZyiUOMJUrxIT3X/OfneAkdFqZeX4A== Completed in 1ms
72 timing metavuln:calculate:security-advisory:simple-plist:+rNyuSHVgvI5fbxhzRkJ0hcKTpGdJM9NKG0xwmmO6Lp1DfGfqjGE+P+DJZyiUOMJUrxIT3X/OfneAkdFqZeX4A== Completed in 55ms
73 http fetch GET 304 https://registry.npmjs.org/@react-native-community%2fcli-platform-ios 62ms (from cache)
74 timing metavuln:packument:@react-native-community/cli-platform-ios Completed in 64ms
75 timing metavuln:load:security-advisory:@react-native-community/cli-platform-ios:+rNyuSHVgvI5fbxhzRkJ0hcKTpGdJM9NKG0xwmmO6Lp1DfGfqjGE+P+DJZyiUOMJUrxIT3X/OfneAkdFqZeX4A== Completed in 2ms
76 timing metavuln:calculate:security-advisory:@react-native-community/cli-platform-ios:+rNyuSHVgvI5fbxhzRkJ0hcKTpGdJM9NKG0xwmmO6Lp1DfGfqjGE+P+DJZyiUOMJUrxIT3X/OfneAkdFqZeX4A== Completed in 66ms
77 timing metavuln:cache:get:security-advisory:react-native-legacy-components:s34CkW6Mi6OXQYCNh40HGX2dwWiegXEqcC8On86IsxlyjIJc9lkN8JHMCcoFtkbj69qyRkBH010ucr99qhpIIg== Completed in 22ms
78 timing metavuln:cache:get:security-advisory:create-react-class:lO3OcuKi8Hpc2AG292D9Omn0Dl+EpCcYzD+WKbqe5QlOTVDHlTR+/q1Oxj0/MYQtrSlBuhzmaL6JyeSqca7ULw== Completed in 19ms
79 timing metavuln:cache:get:security-advisory:metro:r9KRu3lhoBL27eGMogU/tmY1X2JNbY8R/nQqL7oB/BzEuDOZVyI0Uj5fsgw5s9xeVG0MiC6FTdxO77CAdI9RkA== Completed in 18ms
80 timing metavuln:cache:get:security-advisory:react-native-reanimated:iJqCl4x0kpOWt070Q2lWDyELeW/vcc1cbdUx7/Im2FgCgMudzmj92glNRZqD79NZuX1nEVQEbtKfLQW8cH73ng== Completed in 18ms
81 timing metavuln:cache:get:security-advisory:react-native:v1ege2SlwPCxWCdKJ4pxEsIZ8ioyNCo4QjhEFV64ewqFk1tQF0yGSxHu93Nd+rwxVN6hPopEc72UqPkCILIiGQ== Completed in 17ms
82 http fetch GET 304 https://registry.npmjs.org/react-native-legacy-components 59ms (from cache)
83 timing metavuln:packument:react-native-legacy-components Completed in 60ms
84 timing metavuln:load:security-advisory:react-native-legacy-components:Lzp2gLjbHE2k6Afby/iK9+2vqK9yx6bD5uDvmhvhwUrDD9ngmCwyjb/cwjA9pfaLTUGvHoJmJLR8O1LrAkeUcg== Completed in 0ms
85 timing metavuln:calculate:security-advisory:react-native-legacy-components:Lzp2gLjbHE2k6Afby/iK9+2vqK9yx6bD5uDvmhvhwUrDD9ngmCwyjb/cwjA9pfaLTUGvHoJmJLR8O1LrAkeUcg== Completed in 60ms
86 http fetch GET 304 https://registry.npmjs.org/metro 58ms (from cache)
87 timing metavuln:packument:metro Completed in 61ms
88 timing metavuln:load:security-advisory:metro:Lzp2gLjbHE2k6Afby/iK9+2vqK9yx6bD5uDvmhvhwUrDD9ngmCwyjb/cwjA9pfaLTUGvHoJmJLR8O1LrAkeUcg== Completed in 1ms
89 timing metavuln:calculate:security-advisory:metro:Lzp2gLjbHE2k6Afby/iK9+2vqK9yx6bD5uDvmhvhwUrDD9ngmCwyjb/cwjA9pfaLTUGvHoJmJLR8O1LrAkeUcg== Completed in 62ms
90 http fetch GET 304 https://registry.npmjs.org/create-react-class 89ms (from cache)
91 timing metavuln:packument:create-react-class Completed in 89ms
92 timing metavuln:load:security-advisory:create-react-class:Lzp2gLjbHE2k6Afby/iK9+2vqK9yx6bD5uDvmhvhwUrDD9ngmCwyjb/cwjA9pfaLTUGvHoJmJLR8O1LrAkeUcg== Completed in 1ms
93 timing metavuln:calculate:security-advisory:create-react-class:Lzp2gLjbHE2k6Afby/iK9+2vqK9yx6bD5uDvmhvhwUrDD9ngmCwyjb/cwjA9pfaLTUGvHoJmJLR8O1LrAkeUcg== Completed in 90ms
94 http fetch GET 304 https://registry.npmjs.org/react-native-reanimated 107ms (from cache)
95 timing metavuln:packument:react-native-reanimated Completed in 108ms
96 timing metavuln:load:security-advisory:react-native-reanimated:Lzp2gLjbHE2k6Afby/iK9+2vqK9yx6bD5uDvmhvhwUrDD9ngmCwyjb/cwjA9pfaLTUGvHoJmJLR8O1LrAkeUcg== Completed in 1ms
97 timing metavuln:calculate:security-advisory:react-native-reanimated:Lzp2gLjbHE2k6Afby/iK9+2vqK9yx6bD5uDvmhvhwUrDD9ngmCwyjb/cwjA9pfaLTUGvHoJmJLR8O1LrAkeUcg== Completed in 110ms
98 http fetch GET 304 https://registry.npmjs.org/react-native 114ms (from cache)
99 timing metavuln:packument:react-native Completed in 127ms
100 timing metavuln:load:security-advisory:react-native:Lzp2gLjbHE2k6Afby/iK9+2vqK9yx6bD5uDvmhvhwUrDD9ngmCwyjb/cwjA9pfaLTUGvHoJmJLR8O1LrAkeUcg== Completed in 4ms
101 timing metavuln:calculate:security-advisory:react-native:Lzp2gLjbHE2k6Afby/iK9+2vqK9yx6bD5uDvmhvhwUrDD9ngmCwyjb/cwjA9pfaLTUGvHoJmJLR8O1LrAkeUcg== Completed in 131ms
102 timing metavuln:cache:get:security-advisory:xcode:XetB6tSZ2rtwAoe5g9BY5sykuZmuLXlwutf0RkwI5Vsng7wP2N5/lEIGZxqVlkKOtBlrWGouZQBatZv9bS8ZcQ== Completed in 3ms
103 http fetch GET 304 https://registry.npmjs.org/xcode 280ms (from cache)
104 timing metavuln:packument:xcode Completed in 282ms
105 timing metavuln:load:security-advisory:xcode:QLEHeTQhP4DMCs/cFoBIxIaJOLi0jPIfWballVv+kmjjSOlpCn2dBWpRkejtxMrU10VciCuTWdQQjbbVi5ofFA== Completed in 2ms
106 timing metavuln:calculate:security-advisory:xcode:QLEHeTQhP4DMCs/cFoBIxIaJOLi0jPIfWballVv+kmjjSOlpCn2dBWpRkejtxMrU10VciCuTWdQQjbbVi5ofFA== Completed in 284ms
107 timing metavuln:cache:get:security-advisory:react-native:HdSWNNaoXUtuqzMhY3C+kQ48Bbdv3cpLe9VHLqvO7IlG/tJkYfC/r8jHEhlUO1Bagum1e6f/1VwDNmLNsGUBkg== Completed in 1ms
108 timing metavuln:load:security-advisory:react-native:Pbd0oz6H2gdTjiQBKzRUYx7QREL9dyrewLBY/DUo0DjMRUL6Zhe4xVXhCF4svnMFNQMdh9KOvurJdcNlfaMu/Q== Completed in 5ms
109 timing metavuln:calculate:security-advisory:react-native:Pbd0oz6H2gdTjiQBKzRUYx7QREL9dyrewLBY/DUo0DjMRUL6Zhe4xVXhCF4svnMFNQMdh9KOvurJdcNlfaMu/Q== Completed in 6ms
110 timing metavuln:cache:get:security-advisory:teaset:sE/kSAKzt4EGgoz32lx0cgNilG27d0F2M1e+03slIaoRtB/UvM3/RccuJeiNqtBCXEkS1ubKAbMFkvrpnsC6lQ== Completed in 4ms
111 http fetch GET 304 https://registry.npmjs.org/teaset 51ms (from cache)
112 timing metavuln:packument:teaset Completed in 51ms
113 timing metavuln:load:security-advisory:teaset:s34CkW6Mi6OXQYCNh40HGX2dwWiegXEqcC8On86IsxlyjIJc9lkN8JHMCcoFtkbj69qyRkBH010ucr99qhpIIg== Completed in 0ms
114 timing metavuln:calculate:security-advisory:teaset:s34CkW6Mi6OXQYCNh40HGX2dwWiegXEqcC8On86IsxlyjIJc9lkN8JHMCcoFtkbj69qyRkBH010ucr99qhpIIg== Completed in 51ms
115 timing metavuln:cache:get:security-advisory:metro-config:6VxRMyM0DoF8dqXdNZyLlnREUpWFLjmH4OpV31JbDuGtYjfQZ2DY367+mtrNys4UdWYEFmrMFwCvlCsEwwlVJw== Completed in 6ms
116 timing metavuln:cache:get:security-advisory:@react-native-community/cli:o1eienmF0b2OAZMo9eGpPIdynbF9TlIckQ5lCBbKgV4/BHf4A32w+rXZ0weR0XvLy+S2byjZrhJIGNlgj9VWKg== Completed in 5ms
117 http fetch GET 304 https://registry.npmjs.org/metro-config 59ms (from cache)
118 timing metavuln:packument:metro-config Completed in 60ms
119 timing metavuln:load:security-advisory:metro-config:r9KRu3lhoBL27eGMogU/tmY1X2JNbY8R/nQqL7oB/BzEuDOZVyI0Uj5fsgw5s9xeVG0MiC6FTdxO77CAdI9RkA== Completed in 0ms
120 timing metavuln:calculate:security-advisory:metro-config:r9KRu3lhoBL27eGMogU/tmY1X2JNbY8R/nQqL7oB/BzEuDOZVyI0Uj5fsgw5s9xeVG0MiC6FTdxO77CAdI9RkA== Completed in 60ms
121 http fetch GET 304 https://registry.npmjs.org/@react-native-community%2fcli 163ms (from cache)
122 timing metavuln:packument:@react-native-community/cli Completed in 167ms
123 timing metavuln:load:security-advisory:@react-native-community/cli:r9KRu3lhoBL27eGMogU/tmY1X2JNbY8R/nQqL7oB/BzEuDOZVyI0Uj5fsgw5s9xeVG0MiC6FTdxO77CAdI9RkA== Completed in 0ms
124 timing metavuln:calculate:security-advisory:@react-native-community/cli:r9KRu3lhoBL27eGMogU/tmY1X2JNbY8R/nQqL7oB/BzEuDOZVyI0Uj5fsgw5s9xeVG0MiC6FTdxO77CAdI9RkA== Completed in 167ms
125 timing metavuln:cache:get:security-advisory:react-native-legacy-components:DxDpvsGDeJPXlXCrigU+2gXG+MRPWEATnYAQH/4SSXduF8AyQIWTBa58HT/apbJ+dnopQ2nHINYI0fG2SUZUmg== Completed in 1ms
126 timing metavuln:load:security-advisory:react-native-legacy-components:lO3OcuKi8Hpc2AG292D9Omn0Dl+EpCcYzD+WKbqe5QlOTVDHlTR+/q1Oxj0/MYQtrSlBuhzmaL6JyeSqca7ULw== Completed in 0ms
127 timing metavuln:calculate:security-advisory:react-native-legacy-components:lO3OcuKi8Hpc2AG292D9Omn0Dl+EpCcYzD+WKbqe5QlOTVDHlTR+/q1Oxj0/MYQtrSlBuhzmaL6JyeSqca7ULw== Completed in 1ms
128 timing metavuln:cache:get:security-advisory:@react-native-community/cli-platform-ios:wZYoGFLEmMKSfZrLO1UbAf9c66Me3INgfFEqADnuCUjg1Sm+Ptx9NW6GMWoxSMNvK0xm3ZtX4q5G8eCZzcidoQ== Completed in 5ms
129 timing metavuln:load:security-advisory:@react-native-community/cli-platform-ios:XetB6tSZ2rtwAoe5g9BY5sykuZmuLXlwutf0RkwI5Vsng7wP2N5/lEIGZxqVlkKOtBlrWGouZQBatZv9bS8ZcQ== Completed in 0ms
130 timing metavuln:calculate:security-advisory:@react-native-community/cli-platform-ios:XetB6tSZ2rtwAoe5g9BY5sykuZmuLXlwutf0RkwI5Vsng7wP2N5/lEIGZxqVlkKOtBlrWGouZQBatZv9bS8ZcQ== Completed in 5ms
131 timing metavuln:cache:get:security-advisory:metro:dgNBmTRJxuMGzgTTB+7f29cnMGNT29//X4mh4U5/y3eWMGK3RG4Lv+g2pmHTAP8NFA2RNAc5pwkn8EE/KnUCNA== Completed in 1ms
132 timing metavuln:load:security-advisory:metro:6VxRMyM0DoF8dqXdNZyLlnREUpWFLjmH4OpV31JbDuGtYjfQZ2DY367+mtrNys4UdWYEFmrMFwCvlCsEwwlVJw== Completed in 2ms
133 timing metavuln:calculate:security-advisory:metro:6VxRMyM0DoF8dqXdNZyLlnREUpWFLjmH4OpV31JbDuGtYjfQZ2DY367+mtrNys4UdWYEFmrMFwCvlCsEwwlVJw== Completed in 3ms
134 timing metavuln:cache:get:security-advisory:@react-native-community/cli:W8r9RImAFAFzCS7ewybDzfVj7uX/a2PxJh6DMSemMd6li/bxUbPFistThf+vxKrq+8XbEmHHQJFZtsBAb95/3w== Completed in 3ms
135 timing metavuln:load:security-advisory:@react-native-community/cli:6VxRMyM0DoF8dqXdNZyLlnREUpWFLjmH4OpV31JbDuGtYjfQZ2DY367+mtrNys4UdWYEFmrMFwCvlCsEwwlVJw== Completed in 1ms
136 timing metavuln:calculate:security-advisory:@react-native-community/cli:6VxRMyM0DoF8dqXdNZyLlnREUpWFLjmH4OpV31JbDuGtYjfQZ2DY367+mtrNys4UdWYEFmrMFwCvlCsEwwlVJw== Completed in 4ms
137 timing metavuln:cache:get:security-advisory:react-native:XBvx48MOxcE8pR5aB9AgYQddjfrgOGLvEUD1J0AKNXDQMS+dgeIXcs/mmDq2LSCKAZbPOjVYo7g7J7fjwbusKA== Completed in 1ms
138 timing metavuln:load:security-advisory:react-native:o1eienmF0b2OAZMo9eGpPIdynbF9TlIckQ5lCBbKgV4/BHf4A32w+rXZ0weR0XvLy+S2byjZrhJIGNlgj9VWKg== Completed in 6ms
139 timing metavuln:calculate:security-advisory:react-native:o1eienmF0b2OAZMo9eGpPIdynbF9TlIckQ5lCBbKgV4/BHf4A32w+rXZ0weR0XvLy+S2byjZrhJIGNlgj9VWKg== Completed in 7ms
140 timing auditReport:init Completed in 1143ms
141 timing audit Completed in 2105ms
142 timing idealTree:init Completed in 1ms
143 timing idealTree:userRequests Completed in 2ms
144 silly idealTree buildDeps
145 silly fetch manifest react-native@^0.63.2
146 silly fetch manifest react@16.9.0
147 timing arborist:ctor Completed in 0ms
148 http fetch GET 304 https://registry.npmjs.org/react 389ms (from cache)
149 silly fetch manifest react@16.13.1
150 timing idealTree Completed in 403ms
151 timing command:audit Completed in 2512ms
152 verbose stack Error: unable to resolve dependency tree
152 verbose stack     at Arborist.[failPeerConflict] (C:\Users\Zul Amri DN\AppData\Roaming\npm\node_modules\npm\node_modules\@npmcli\arborist\lib\arborist\build-ideal-tree.js:1157:25)
152 verbose stack     at Arborist.[loadPeerSet] (C:\Users\Zul Amri DN\AppData\Roaming\npm\node_modules\npm\node_modules\@npmcli\arborist\lib\arborist\build-ideal-tree.js:1134:34)
152 verbose stack     at async Arborist.[buildDepStep] (C:\Users\Zul Amri DN\AppData\Roaming\npm\node_modules\npm\node_modules\@npmcli\arborist\lib\arborist\build-ideal-tree.js:838:11)
152 verbose stack     at async Arborist.buildIdealTree (C:\Users\Zul Amri DN\AppData\Roaming\npm\node_modules\npm\node_modules\@npmcli\arborist\lib\arborist\build-ideal-tree.js:209:7)
152 verbose stack     at async Promise.all (index 1)
152 verbose stack     at async Arborist.reify (C:\Users\Zul Amri DN\AppData\Roaming\npm\node_modules\npm\node_modules\@npmcli\arborist\lib\arborist\reify.js:131:5)
152 verbose stack     at async Audit.audit (C:\Users\Zul Amri DN\AppData\Roaming\npm\node_modules\npm\lib\audit.js:46:5)
153 verbose cwd F:\Kominfo\SIHEBAT\pabriqkitha-kitha-android-ba11f1f49890
154 verbose Windows_NT 10.0.19042
155 verbose argv "C:\\Program Files\\nodejs\\node.exe" "C:\\Users\\Zul Amri DN\\AppData\\Roaming\\npm\\node_modules\\npm\\bin\\npm-cli.js" "audit" "fix"
156 verbose node v14.15.1
157 verbose npm  v7.6.3
158 error code ERESOLVE
159 error ERESOLVE unable to resolve dependency tree
160 error
161 error While resolving: [1msingkawang[22m@[1m0.0.1[22m
161 error Found: [1mreact[22m@[1m16.9.0[22m[2m[22m
161 error [2mnode_modules/react[22m
161 error   [1mreact[22m@"[1m16.9.0[22m" from the root project
161 error
161 error Could not resolve dependency:
161 error [35mpeer[39m [1mreact[22m@"[1m16.13.1[22m" from [1mreact-native[22m@[1m0.63.4[22m[2m[22m
161 error [2mnode_modules/react-native[22m
161 error   [1mreact-native[22m@"[1m^0.63.2[22m" from the root project
161 error
161 error Fix the upstream dependency conflict, or retry
161 error this command with --force, or --legacy-peer-deps
161 error to accept an incorrect (and potentially broken) dependency resolution.
161 error
161 error See F:\Kominfo\SIHEBAT\pabriqkitha-kitha-android-ba11f1f49890\eresolve-report.txt for a full report.
162 verbose exit 1
