0 verbose cli [
0 verbose cli   'C:\\Program Files\\nodejs\\node.exe',
0 verbose cli   'C:\\Users\\Zul Amri DN\\AppData\\Roaming\\npm\\node_modules\\npm\\bin\\npm-cli.js',
0 verbose cli   'install'
0 verbose cli ]
1 info using npm@7.10.0
2 info using node@v14.15.1
3 timing npm:load:whichnode Completed in 1ms
4 timing config:load:defaults Completed in 1ms
5 timing config:load:file:C:\Users\Zul Amri DN\AppData\Roaming\npm\node_modules\npm\npmrc Completed in 1ms
6 timing config:load:builtin Completed in 1ms
7 timing config:load:cli Completed in 1ms
8 timing config:load:env Completed in 1ms
9 timing config:load:file:F:\Kominfo\SIHEBAT\pabriqkitha-kitha-android-ba11f1f49890\.npmrc Completed in 1ms
10 timing config:load:project Completed in 1ms
11 timing config:load:file:C:\Users\Zul Amri DN\.npmrc Completed in 0ms
12 timing config:load:user Completed in 0ms
13 timing config:load:file:C:\Users\Zul Amri DN\AppData\Roaming\npm\etc\npmrc Completed in 0ms
14 timing config:load:global Completed in 0ms
15 timing config:load:validate Completed in 1ms
16 timing config:load:setEnvs Completed in 1ms
17 timing config:load Completed in 7ms
18 timing npm:load:configload Completed in 8ms
19 timing npm:load:setTitle Completed in 0ms
20 timing npm:load:setupLog Completed in 1ms
21 timing npm:load:cleanupLog Completed in 2ms
22 timing npm:load:configScope Completed in 0ms
23 timing npm:load:projectScope Completed in 1ms
24 timing npm:load Completed in 13ms
25 timing config:load:flatten Completed in 2ms
26 timing arborist:ctor Completed in 1ms
27 timing idealTree:init Completed in 571ms
28 timing idealTree:userRequests Completed in 0ms
29 silly idealTree buildDeps
30 silly fetch manifest react-native@^0.62.0
31 http fetch GET 304 https://registry.npmjs.org/react-native 1133ms (from cache)
32 silly fetch manifest react@16.9.0
33 http fetch GET 304 https://registry.npmjs.org/react 69ms (from cache)
34 silly fetch manifest react@16.11.0
35 timing idealTree Completed in 1803ms
36 timing command:install Completed in 1826ms
37 verbose stack Error: unable to resolve dependency tree
37 verbose stack     at Arborist.[failPeerConflict] (C:\Users\Zul Amri DN\AppData\Roaming\npm\node_modules\npm\node_modules\@npmcli\arborist\lib\arborist\build-ideal-tree.js:1210:25)
37 verbose stack     at Arborist.[loadPeerSet] (C:\Users\Zul Amri DN\AppData\Roaming\npm\node_modules\npm\node_modules\@npmcli\arborist\lib\arborist\build-ideal-tree.js:1187:34)
37 verbose stack     at async Arborist.[buildDepStep] (C:\Users\Zul Amri DN\AppData\Roaming\npm\node_modules\npm\node_modules\@npmcli\arborist\lib\arborist\build-ideal-tree.js:891:11)
37 verbose stack     at async Arborist.buildIdealTree (C:\Users\Zul Amri DN\AppData\Roaming\npm\node_modules\npm\node_modules\@npmcli\arborist\lib\arborist\build-ideal-tree.js:217:7)
37 verbose stack     at async Promise.all (index 1)
37 verbose stack     at async Arborist.reify (C:\Users\Zul Amri DN\AppData\Roaming\npm\node_modules\npm\node_modules\@npmcli\arborist\lib\arborist\reify.js:134:5)
37 verbose stack     at async Install.install (C:\Users\Zul Amri DN\AppData\Roaming\npm\node_modules\npm\lib\install.js:137:5)
38 verbose cwd F:\Kominfo\SIHEBAT\pabriqkitha-kitha-android-ba11f1f49890
39 verbose Windows_NT 10.0.19042
40 verbose argv "C:\\Program Files\\nodejs\\node.exe" "C:\\Users\\Zul Amri DN\\AppData\\Roaming\\npm\\node_modules\\npm\\bin\\npm-cli.js" "install"
41 verbose node v14.15.1
42 verbose npm  v7.10.0
43 error code ERESOLVE
44 error ERESOLVE unable to resolve dependency tree
45 error
46 error While resolving: [1msingkawang[22m@[1m0.0.1[22m
46 error Found: [1mreact[22m@[1m16.9.0[22m[2m[22m
46 error [2mnode_modules/react[22m
46 error   [1mreact[22m@"[1m16.9.0[22m" from the root project
46 error
46 error Could not resolve dependency:
46 error [35mpeer[39m [1mreact[22m@"[1m16.11.0[22m" from [1mreact-native[22m@[1m0.62.2[22m[2m[22m
46 error [2mnode_modules/react-native[22m
46 error   [1mreact-native[22m@"[1m^0.62.0[22m" from the root project
46 error
46 error Fix the upstream dependency conflict, or retry
46 error this command with --force, or --legacy-peer-deps
46 error to accept an incorrect (and potentially broken) dependency resolution.
46 error
46 error See F:\Kominfo\SIHEBAT\pabriqkitha-kitha-android-ba11f1f49890\eresolve-report.txt for a full report.
47 verbose exit 1
